<?xml version="1.0" encoding="UTF-8"?>
<testsuite name="com.example.auth.TestMainVerticle" tests="1" skipped="0" failures="0" errors="0" timestamp="2024-11-07T09:12:56" hostname="DESKTOP-UN4JON8" time="0.528">
  <properties/>
  <testcase name="verticle_deployed(Vertx, VertxTestContext)" classname="com.example.auth.TestMainVerticle" time="0.528"/>
  <system-out><![CDATA[HTTP server started on port 8888
]]></system-out>
  <system-err><![CDATA[]]></system-err>
</testsuite>
